Log file open, 06/04/20 14:49:26
LogInit: Display: Running engine for game: Unreal_Template
LogPlatformFile: Not using cached read wrapper
LogTaskGraph: Started task graph with 5 named threads and 23 total threads with 3 sets of task threads.
LogStats: Stats thread started at 0.437002
LogD3D11RHI: Loaded GFSDK_Aftermath_Lib.x64.dll
LogICUInternationalization: ICU TimeZone Detection - Raw Offset: -7:00, Platform Override: ''
LogPluginManager: Mounting plugin Paper2D
LogPluginManager: Mounting plugin AISupport
LogPluginManager: Mounting plugin LightPropagationVolume
LogPluginManager: Mounting plugin CameraShakePreviewer
LogPluginManager: Mounting plugin ActorLayerUtilities
LogPluginManager: Mounting plugin AnimationSharing
LogPluginManager: Mounting plugin CLionSourceCodeAccess
LogPluginManager: Mounting plugin CodeLiteSourceCodeAccess
LogPluginManager: Mounting plugin GitSourceControl
LogPluginManager: Mounting plugin KDevelopSourceCodeAccess
LogPluginManager: Mounting plugin NullSourceCodeAccess
LogPluginManager: Mounting plugin PerforceSourceControl
LogPluginManager: Mounting plugin PlasticSourceControl
LogPluginManager: Mounting plugin RiderSourceCodeAccess
LogPluginManager: Mounting plugin SubversionSourceControl
LogPluginManager: Mounting plugin UObjectPlugin
LogPluginManager: Mounting plugin VisualStudioCodeSourceCodeAccess
LogPluginManager: Mounting plugin VisualStudioSourceCodeAccess
LogPluginManager: Mounting plugin XCodeSourceCodeAccess
LogPluginManager: Mounting plugin AssetManagerEditor
LogPluginManager: Mounting plugin CryptoKeys
LogPluginManager: Mounting plugin CurveEditorTools
LogPluginManager: Mounting plugin DataValidation
LogPluginManager: Mounting plugin EditorScriptingUtilities
LogPluginManager: Mounting plugin FacialAnimation
LogPluginManager: Mounting plugin GameplayTagsEditor
LogPluginManager: Mounting plugin GeometryMode
LogPluginManager: Mounting plugin MacGraphicsSwitching
LogPluginManager: Mounting plugin MaterialAnalyzer
LogPluginManager: Mounting plugin MobileLauncherProfileWizard
LogPluginManager: Mounting plugin PluginBrowser
LogPluginManager: Mounting plugin SpeedTreeImporter
LogPluginManager: Mounting plugin DatasmithContent
LogPluginManager: Mounting plugin VariantManagerContent
LogPluginManager: Mounting plugin AlembicImporter
LogPluginManager: Mounting plugin AutomationUtils
LogPluginManager: Mounting plugin BackChannel
LogPluginManager: Mounting plugin ChaosCloth
LogPluginManager: Mounting plugin ChaosClothEditor
LogPluginManager: Mounting plugin ChaosEditor
LogPluginManager: Mounting plugin ChaosNiagara
LogPluginManager: Mounting plugin ChaosSolverPlugin
LogPluginManager: Mounting plugin CharacterAI
LogPluginManager: Mounting plugin GeometryCache
LogPluginManager: Mounting plugin GeometryCollectionPlugin
LogPluginManager: Mounting plugin GeometryProcessing
LogPluginManager: Mounting plugin PlanarCut
LogPluginManager: Mounting plugin PlatformCrypto
LogPluginManager: Mounting plugin ProxyLODPlugin
LogPluginManager: Mounting plugin SkeletalReduction
LogPluginManager: Mounting plugin Niagara
LogPluginManager: Mounting plugin MagicLeap
LogPluginManager: Mounting plugin MagicLeapLightEstimation
LogPluginManager: Mounting plugin MagicLeapMedia
LogPluginManager: Mounting plugin MagicLeapPassableWorld
LogPluginManager: Mounting plugin MLSDK
LogPluginManager: Mounting plugin AndroidMedia
LogPluginManager: Mounting plugin AvfMedia
LogPluginManager: Mounting plugin ImgMedia
LogPluginManager: Mounting plugin MediaCompositing
LogPluginManager: Mounting plugin MediaPlayerEditor
LogPluginManager: Mounting plugin WebMMedia
LogPluginManager: Mounting plugin WmfMedia
LogPluginManager: Mounting plugin MeshPainting
LogPluginManager: Mounting plugin TcpMessaging
LogPluginManager: Mounting plugin UdpMessaging
LogPluginManager: Mounting plugin ActorSequence
LogPluginManager: Mounting plugin LevelSequenceEditor
LogPluginManager: Mounting plugin MatineeToLevelSequence
LogPluginManager: Mounting plugin MovieRenderPipeline
LogPluginManager: Mounting plugin TemplateSequence
LogPluginManager: Mounting plugin NetcodeUnitTest
LogPluginManager: Mounting plugin NUTUnrealEngine4
LogPluginManager: Mounting plugin OnlineSubsystemGooglePlay
LogPluginManager: Mounting plugin OnlineSubsystemIOS
LogPluginManager: Mounting plugin OnlineSubsystem
LogPluginManager: Mounting plugin OnlineSubsystemNull
LogPluginManager: Mounting plugin OnlineSubsystemUtils
LogPluginManager: Mounting plugin LauncherChunkInstaller
LogPluginManager: Mounting plugin AndroidDeviceProfileSelector
LogPluginManager: Mounting plugin AndroidMoviePlayer
LogPluginManager: Mounting plugin AndroidPermission
LogPluginManager: Mounting plugin AppleImageUtils
LogPluginManager: Mounting plugin AppleMoviePlayer
LogPluginManager: Mounting plugin ArchVisCharacter
LogPluginManager: Mounting plugin AssetTags
LogPluginManager: Mounting plugin AudioCapture
LogPluginManager: Mounting plugin CableComponent
LogPluginManager: Mounting plugin CustomMeshComponent
LogPluginManager: Mounting plugin EditableMesh
LogPluginManager: Mounting plugin ExampleDeviceProfileSelector
LogPluginManager: Mounting plugin GoogleCloudMessaging
LogPluginManager: Mounting plugin GooglePAD
LogPluginManager: Mounting plugin IOSDeviceProfileSelector
LogPluginManager: Mounting plugin LinuxDeviceProfileSelector
LogPluginManager: Mounting plugin LocationServicesBPLibrary
LogPluginManager: Mounting plugin MobilePatchingUtils
LogPluginManager: Mounting plugin OculusVR
LogPluginManager: Mounting plugin PhysXVehicles
LogPluginManager: Mounting plugin PostSplashScreen
LogPluginManager: Mounting plugin ProceduralMeshComponent
LogPluginManager: Mounting plugin RuntimePhysXCooking
LogPluginManager: Mounting plugin SignificanceManager
LogPluginManager: Mounting plugin SoundFields
LogPluginManager: Mounting plugin SteamVR
LogPluginManager: Mounting plugin Synthesis
LogPluginManager: Mounting plugin WebMMoviePlayer
LogPluginManager: Mounting plugin WindowsMoviePlayer
LogPluginManager: Mounting plugin ScreenshotTools
LogInit: Using libcurl 7.55.1-DEV
LogInit:  - built for x86_64-pc-win32
LogInit:  - supports SSL with OpenSSL/1.1.1
LogInit:  - supports HTTP deflate (compression) using libz 1.2.8
LogInit:  - other features:
LogInit:      CURL_VERSION_SSL
LogInit:      CURL_VERSION_LIBZ
LogInit:      CURL_VERSION_IPV6
LogInit:      CURL_VERSION_ASYNCHDNS
LogInit:      CURL_VERSION_LARGEFILE
LogInit:      CURL_VERSION_IDN
LogInit:  CurlRequestOptions (configurable via config and command line):
LogInit:  - bVerifyPeer = true  - Libcurl will verify peer certificate
LogInit:  - bUseHttpProxy = false  - Libcurl will NOT use HTTP proxy
LogInit:  - bDontReuseConnections = false  - Libcurl will reuse connections
LogInit:  - MaxHostConnections = 16  - Libcurl will limit the number of connections to a host
LogInit:  - LocalHostAddr = Default
LogInit:  - BufferSize = 65536
LogOnline: OSS: Creating online subsystem instance for: NULL
LogInit: WinSock: version 1.1 (2.2), MaxSocks=32767, MaxUdp=65467
LogOnline: OSS: TryLoadSubsystemAndSetDefault: Loaded subsystem for module [NULL]
LogInit: Build: ++UE4+Release-4.25-CL-13144385
LogInit: Engine Version: 4.25.0-13144385+++UE4+Release-4.25
LogInit: Compatible Engine Version: 4.25.0-13144385+++UE4+Release-4.25
LogInit: Net CL: 13144385
LogInit: OS: Windows 10 (Release 1909) (), CPU: Intel(R) Core(TM) i5-9300H CPU @ 2.40GHz, GPU: Intel(R) UHD Graphics 630
LogInit: Compiled (64-bit): May  2 2020 02:12:11
LogInit: Compiled with Visual C++: 19.24.28315.00
LogInit: Build Configuration: Development
LogInit: Branch Name: ++UE4+Release-4.25
LogInit: Command Line: 
LogInit: Base Directory: C:/Program Files/Epic Games/UE_4.25/Engine/Binaries/Win64/
LogInit: Allocator: TBB
LogInit: Installed Engine Build: 1
LogDevObjectVersion: Number of dev versions registered: 26
LogDevObjectVersion:   Dev-Blueprints (B0D832E4-1F89-4F0D-ACCF-7EB736FD4AA2): 10
LogDevObjectVersion:   Dev-Build (E1C64328-A22C-4D53-A36C-8E866417BD8C): 0
LogDevObjectVersion:   Dev-Core (375EC13C-06E4-48FB-B500-84F0262A717E): 4
LogDevObjectVersion:   Dev-Editor (E4B068ED-F494-42E9-A231-DA0B2E46BB41): 38
LogDevObjectVersion:   Dev-Framework (CFFC743F-43B0-4480-9391-14DF171D2073): 37
LogDevObjectVersion:   Dev-Mobile (B02B49B5-BB20-44E9-A304-32B752E40360): 2
LogDevObjectVersion:   Dev-Networking (A4E4105C-59A1-49B5-A7C5-40C4547EDFEE): 0
LogDevObjectVersion:   Dev-Online (39C831C9-5AE6-47DC-9A44-9C173E1C8E7C): 0
LogDevObjectVersion:   Dev-Physics (78F01B33-EBEA-4F98-B9B4-84EACCB95AA2): 4
LogDevObjectVersion:   Dev-Platform (6631380F-2D4D-43E0-8009-CF276956A95A): 0
LogDevObjectVersion:   Dev-Rendering (12F88B9F-8875-4AFC-A67C-D90C383ABD29): 43
LogDevObjectVersion:   Dev-Sequencer (7B5AE74C-D270-4C10-A958-57980B212A5A): 12
LogDevObjectVersion:   Dev-VR (D7296918-1DD6-4BDD-9DE2-64A83CC13884): 3
LogDevObjectVersion:   Dev-LoadTimes (C2A15278-BFE7-4AFE-6C17-90FF531DF755): 1
LogDevObjectVersion:   Private-Geometry (6EACA3D4-40EC-4CC1-B786-8BED09428FC5): 3
LogDevObjectVersion:   Dev-AnimPhys (29E575DD-E0A3-4627-9D10-D276232CDCEA): 17
LogDevObjectVersion:   Dev-Anim (AF43A65D-7FD3-4947-9873-3E8ED9C1BB05): 7
LogDevObjectVersion:   Dev-ReflectionCapture (6B266CEC-1EC7-4B8F-A30B-E4D90942FC07): 1
LogDevObjectVersion:   Dev-Automation (0DF73D61-A23F-47EA-B727-89E90C41499A): 1
LogDevObjectVersion:   FortniteMain (601D1886-AC64-4F84-AA16-D3DE0DEAC7D6): 31
LogDevObjectVersion:   Dev-Enterprise (9DFFBCD6-494F-0158-E221-12823C92A888): 10
LogDevObjectVersion:   Dev-Niagara (F2AED0AC-9AFE-416F-8664-AA7FFA26D6FC): 1
LogDevObjectVersion:   Dev-Destruction (174F1F0B-B4C6-45A5-B13F-2EE8D0FB917D): 10
LogDevObjectVersion:   Dev-Physics-Ext (35F94A83-E258-406C-A318-09F59610247C): 37
LogDevObjectVersion:   Dev-PhysicsMaterial-Chaos (B68FC16E-8B1B-42E2-B453-215C058844FE): 1
LogDevObjectVersion:   Dev-CineCamera (B2E18506-4273-CFC2-A54E-F4BB758BBA07): 1
LogInit: Presizing for max 25165824 objects, including 0 objects not considered by GC, pre-allocating 0 bytes for permanent pool.
LogConfig: Applying CVar settings from Section [/Script/Engine.StreamingSettings] File [C:/Users/zeyul/Documents/GitHub/Unreal-template/Unreal_Template/Saved/Config/Windows/Engine.ini]
LogConfig: Setting CVar [[s.MinBulkDataSizeForAsyncLoading:131072]]
LogConfig: Setting CVar [[s.AsyncLoadingThreadEnabled:0]]
LogConfig: Setting CVar [[s.EventDrivenLoaderEnabled:1]]
LogConfig: Setting CVar [[s.WarnIfTimeLimitExceeded:0]]
LogConfig: Setting CVar [[s.TimeLimitExceededMultiplier:1.5]]
LogConfig: Setting CVar [[s.TimeLimitExceededMinTime:0.005]]
LogConfig: Setting CVar [[s.UseBackgroundLevelStreaming:1]]
LogConfig: Setting CVar [[s.PriorityAsyncLoadingExtraTime:15.0]]
LogConfig: Setting CVar [[s.LevelStreamingActorsUpdateTimeLimit:5.0]]
LogConfig: Setting CVar [[s.PriorityLevelStreamingActorsUpdateExtraTime:5.0]]
LogConfig: Setting CVar [[s.LevelStreamingComponentsRegistrationGranularity:10]]
LogConfig: Setting CVar [[s.UnregisterComponentsTimeLimit:1.0]]
LogConfig: Setting CVar [[s.LevelStreamingComponentsUnregistrationGranularity:5]]
LogConfig: Setting CVar [[s.FlushStreamingOnExit:1]]
LogInit: Object subsystem initialized
LogConfig: Setting CVar [[con.DebugEarlyDefault:1]]
LogConfig: Setting CVar [[r.setres:1280x720]]
[2020.06.04-20.49.28:830][  0]LogConfig: Setting CVar [[r.VSync:0]]
[2020.06.04-20.49.28:830][  0]LogConfig: Setting CVar [[r.RHICmdBypass:0]]
[2020.06.04-20.49.28:830][  0]LogConfig: Applying CVar settings from Section [/Script/Engine.RendererSettings] File [C:/Users/zeyul/Documents/GitHub/Unreal-template/Unreal_Template/Saved/Config/Windows/Engine.ini]
[2020.06.04-20.49.28:830][  0]LogConfig: Setting CVar [[r.GPUCrashDebugging:0]]
[2020.06.04-20.49.28:830][  0]LogConfig: Applying CVar settings from Section [/Script/Engine.RendererOverrideSettings] File [C:/Users/zeyul/Documents/GitHub/Unreal-template/Unreal_Template/Saved/Config/Windows/Engine.ini]
[2020.06.04-20.49.28:830][  0]LogConfig: Applying CVar settings from Section [/Script/Engine.StreamingSettings] File [C:/Users/zeyul/Documents/GitHub/Unreal-template/Unreal_Template/Saved/Config/Windows/Engine.ini]
[2020.06.04-20.49.28:830][  0]LogConfig: Setting CVar [[s.MinBulkDataSizeForAsyncLoading:131072]]
[2020.06.04-20.49.28:830][  0]LogConfig: Setting CVar [[s.AsyncLoadingThreadEnabled:0]]
[2020.06.04-20.49.28:830][  0]LogConfig: Setting CVar [[s.EventDrivenLoaderEnabled:1]]
[2020.06.04-20.49.28:830][  0]LogConfig: Setting CVar [[s.WarnIfTimeLimitExceeded:0]]
[2020.06.04-20.49.28:830][  0]LogConfig: Setting CVar [[s.TimeLimitExceededMultiplier:1.5]]
[2020.06.04-20.49.28:830][  0]LogConfig: Setting CVar [[s.TimeLimitExceededMinTime:0.005]]
[2020.06.04-20.49.28:830][  0]LogConfig: Setting CVar [[s.UseBackgroundLevelStreaming:1]]
[2020.06.04-20.49.28:830][  0]LogConfig: Setting CVar [[s.PriorityAsyncLoadingExtraTime:15.0]]
[2020.06.04-20.49.28:830][  0]LogConfig: Setting CVar [[s.LevelStreamingActorsUpdateTimeLimit:5.0]]
[2020.06.04-20.49.28:830][  0]LogConfig: Setting CVar [[s.PriorityLevelStreamingActorsUpdateExtraTime:5.0]]
[2020.06.04-20.49.28:830][  0]LogConfig: Setting CVar [[s.LevelStreamingComponentsRegistrationGranularity:10]]
[2020.06.04-20.49.28:830][  0]LogConfig: Setting CVar [[s.UnregisterComponentsTimeLimit:1.0]]
[2020.06.04-20.49.28:830][  0]LogConfig: Setting CVar [[s.LevelStreamingComponentsUnregistrationGranularity:5]]
[2020.06.04-20.49.28:830][  0]LogConfig: Setting CVar [[s.FlushStreamingOnExit:1]]
[2020.06.04-20.49.28:830][  0]LogConfig: Applying CVar settings from Section [/Script/Engine.GarbageCollectionSettings] File [C:/Users/zeyul/Documents/GitHub/Unreal-template/Unreal_Template/Saved/Config/Windows/Engine.ini]
[2020.06.04-20.49.28:830][  0]LogConfig: Setting CVar [[gc.MaxObjectsNotConsideredByGC:1]]
[2020.06.04-20.49.28:830][  0]LogConfig: Setting CVar [[gc.SizeOfPermanentObjectPool:0]]
[2020.06.04-20.49.28:830][  0]LogConfig: Setting CVar [[gc.FlushStreamingOnGC:0]]
[2020.06.04-20.49.28:830][  0]LogConfig: Setting CVar [[gc.NumRetriesBeforeForcingGC:10]]
[2020.06.04-20.49.28:830][  0]LogConfig: Setting CVar [[gc.AllowParallelGC:1]]
[2020.06.04-20.49.28:830][  0]LogConfig: Setting CVar [[gc.TimeBetweenPurgingPendingKillObjects:61.1]]
[2020.06.04-20.49.28:830][  0]LogConfig: Setting CVar [[gc.MaxObjectsInEditor:25165824]]
[2020.06.04-20.49.28:830][  0]LogConfig: Setting CVar [[gc.IncrementalBeginDestroyEnabled:1]]
[2020.06.04-20.49.28:830][  0]LogConfig: Setting CVar [[gc.CreateGCClusters:1]]
[2020.06.04-20.49.28:830][  0]LogConfig: Setting CVar [[gc.MinGCClusterSize:5]]
[2020.06.04-20.49.28:830][  0]LogConfig: Setting CVar [[gc.ActorClusteringEnabled:0]]
[2020.06.04-20.49.28:830][  0]LogConfig: Setting CVar [[gc.BlueprintClusteringEnabled:0]]
[2020.06.04-20.49.28:830][  0]LogConfig: Setting CVar [[gc.UseDisregardForGCOnDedicatedServers:0]]
[2020.06.04-20.49.28:830][  0]LogConfig: Applying CVar settings from Section [/Script/Engine.NetworkSettings] File [C:/Users/zeyul/Documents/GitHub/Unreal-template/Unreal_Template/Saved/Config/Windows/Engine.ini]
[2020.06.04-20.49.28:830][  0]LogConfig: Applying CVar settings from Section [/Script/UnrealEd.CookerSettings] File [C:/Users/zeyul/Documents/GitHub/Unreal-template/Unreal_Template/Saved/Config/Windows/Engine.ini]
[2020.06.04-20.49.28:834][  0]LogConfig: Applying CVar settings from Section [ViewDistanceQuality@3] File [C:/Users/zeyul/Documents/GitHub/Unreal-template/Unreal_Template/Saved/Config/Windows/Scalability.ini]
[2020.06.04-20.49.28:834][  0]LogConfig: Setting CVar [[r.SkeletalMeshLODBias:0]]
[2020.06.04-20.49.28:834][  0]LogConfig: Setting CVar [[r.ViewDistanceScale:1.0]]
[2020.06.04-20.49.28:834][  0]LogConfig: Applying CVar settings from Section [AntiAliasingQuality@3] File [C:/Users/zeyul/Documents/GitHub/Unreal-template/Unreal_Template/Saved/Config/Windows/Scalability.ini]
[2020.06.04-20.49.28:834][  0]LogConfig: Setting CVar [[r.PostProcessAAQuality:4]]
[2020.06.04-20.49.28:834][  0]LogConfig: Applying CVar settings from Section [ShadowQuality@3] File [C:/Users/zeyul/Documents/GitHub/Unreal-template/Unreal_Template/Saved/Config/Windows/Scalability.ini]
[2020.06.04-20.49.28:834][  0]LogConfig: Setting CVar [[r.LightFunctionQuality:1]]
[2020.06.04-20.49.28:834][  0]LogConfig: Setting CVar [[r.ShadowQuality:5]]
[2020.06.04-20.49.28:834][  0]LogConfig: Setting CVar [[r.Shadow.CSM.MaxCascades:10]]
[2020.06.04-20.49.28:834][  0]LogConfig: Setting CVar [[r.Shadow.MaxResolution:2048]]
[2020.06.04-20.49.28:834][  0]LogConfig: Setting CVar [[r.Shadow.MaxCSMResolution:2048]]
[2020.06.04-20.49.28:834][  0]LogConfig: Setting CVar [[r.Shadow.RadiusThreshold:0.01]]
[2020.06.04-20.49.28:834][  0]LogConfig: Setting CVar [[r.Shadow.DistanceScale:1.0]]
[2020.06.04-20.49.28:834][  0]LogConfig: Setting CVar [[r.Shadow.CSM.TransitionScale:1.0]]
[2020.06.04-20.49.28:834][  0]LogConfig: Setting CVar [[r.Shadow.PreShadowResolutionFactor:1.0]]
[2020.06.04-20.49.28:834][  0]LogConfig: Setting CVar [[r.DistanceFieldShadowing:1]]
[2020.06.04-20.49.28:834][  0]LogConfig: Setting CVar [[r.DistanceFieldAO:1]]
[2020.06.04-20.49.28:834][  0]LogConfig: Setting CVar [[r.AOQuality:2]]
[2020.06.04-20.49.28:834][  0]LogConfig: Setting CVar [[r.VolumetricFog:1]]
[2020.06.04-20.49.28:834][  0]LogConfig: Setting CVar [[r.VolumetricFog.GridPixelSize:8]]
[2020.06.04-20.49.28:834][  0]LogConfig: Setting CVar [[r.VolumetricFog.GridSizeZ:128]]
[2020.06.04-20.49.28:834][  0]LogConfig: Setting CVar [[r.VolumetricFog.HistoryMissSupersampleCount:4]]
[2020.06.04-20.49.28:834][  0]LogConfig: Setting CVar [[r.LightMaxDrawDistanceScale:1]]
[2020.06.04-20.49.28:834][  0]LogConfig: Setting CVar [[r.CapsuleShadows:1]]
[2020.06.04-20.49.28:834][  0]LogConfig: Applying CVar settings from Section [PostProcessQuality@3] File [C:/Users/zeyul/Documents/GitHub/Unreal-template/Unreal_Template/Saved/Config/Windows/Scalability.ini]
[2020.06.04-20.49.28:834][  0]LogConfig: Setting CVar [[r.MotionBlurQuality:4]]
[2020.06.04-20.49.28:834][  0]LogConfig: Setting CVar [[r.AmbientOcclusionMipLevelFactor:0.4]]
[2020.06.04-20.49.28:834][  0]LogConfig: Setting CVar [[r.AmbientOcclusionMaxQuality:100]]
[2020.06.04-20.49.28:834][  0]LogConfig: Setting CVar [[r.AmbientOcclusionLevels:-1]]
[2020.06.04-20.49.28:834][  0]LogConfig: Setting CVar [[r.AmbientOcclusionRadiusScale:1.0]]
[2020.06.04-20.49.28:834][  0]LogConfig: Setting CVar [[r.DepthOfFieldQuality:2]]
[2020.06.04-20.49.28:834][  0]LogConfig: Setting CVar [[r.RenderTargetPoolMin:400]]
[2020.06.04-20.49.28:834][  0]LogConfig: Setting CVar [[r.LensFlareQuality:2]]
[2020.06.04-20.49.28:834][  0]LogConfig: Setting CVar [[r.SceneColorFringeQuality:1]]
[2020.06.04-20.49.28:834][  0]LogConfig: Setting CVar [[r.EyeAdaptationQuality:2]]
[2020.06.04-20.49.28:834][  0]LogConfig: Setting CVar [[r.BloomQuality:5]]
[2020.06.04-20.49.28:835][  0]LogConfig: Setting CVar [[r.FastBlurThreshold:100]]
[2020.06.04-20.49.28:835][  0]LogConfig: Setting CVar [[r.Upscale.Quality:3]]
[2020.06.04-20.49.28:835][  0]LogConfig: Setting CVar [[r.Tonemapper.GrainQuantization:1]]
[2020.06.04-20.49.28:835][  0]LogConfig: Setting CVar [[r.LightShaftQuality:1]]
[2020.06.04-20.49.28:835][  0]LogConfig: Setting CVar [[r.Filter.SizeScale:1]]
[2020.06.04-20.49.28:835][  0]LogConfig: Setting CVar [[r.Tonemapper.Quality:5]]
[2020.06.04-20.49.28:835][  0]LogConfig: Setting CVar [[r.DOF.Gather.AccumulatorQuality:1        ; higher gathering accumulator quality]]
[2020.06.04-20.49.28:835][  0]LogConfig: Setting CVar [[r.DOF.Gather.PostfilterMethod:1          ; Median3x3 postfilering method]]
[2020.06.04-20.49.28:835][  0]LogConfig: Setting CVar [[r.DOF.Gather.EnableBokehSettings:0       ; no bokeh simulation when gathering]]
[2020.06.04-20.49.28:835][  0]LogConfig: Setting CVar [[r.DOF.Gather.RingCount:4                 ; medium number of samples when gathering]]
[2020.06.04-20.49.28:835][  0]LogConfig: Setting CVar [[r.DOF.Scatter.ForegroundCompositing:1    ; additive foreground scattering]]
[2020.06.04-20.49.28:835][  0]LogConfig: Setting CVar [[r.DOF.Scatter.BackgroundCompositing:2    ; additive background scattering]]
[2020.06.04-20.49.28:835][  0]LogConfig: Setting CVar [[r.DOF.Scatter.EnableBokehSettings:1      ; bokeh simulation when scattering]]
[2020.06.04-20.49.28:835][  0]LogConfig: Setting CVar [[r.DOF.Scatter.MaxSpriteRatio:0.1         ; only a maximum of 10% of scattered bokeh]]
[2020.06.04-20.49.28:835][  0]LogConfig: Setting CVar [[r.DOF.Recombine.Quality:1                ; cheap slight out of focus]]
[2020.06.04-20.49.28:835][  0]LogConfig: Setting CVar [[r.DOF.Recombine.EnableBokehSettings:0    ; no bokeh simulation on slight out of focus]]
[2020.06.04-20.49.28:835][  0]LogConfig: Setting CVar [[r.DOF.TemporalAAQuality:1                ; more stable temporal accumulation]]
[2020.06.04-20.49.28:835][  0]LogConfig: Setting CVar [[r.DOF.Kernel.MaxForegroundRadius:0.025]]
[2020.06.04-20.49.28:835][  0]LogConfig: Setting CVar [[r.DOF.Kernel.MaxBackgroundRadius:0.025]]
[2020.06.04-20.49.28:835][  0]LogConfig: Applying CVar settings from Section [TextureQuality@3] File [C:/Users/zeyul/Documents/GitHub/Unreal-template/Unreal_Template/Saved/Config/Windows/Scalability.ini]
[2020.06.04-20.49.28:835][  0]LogConfig: Setting CVar [[r.Streaming.MipBias:0]]
[2020.06.04-20.49.28:835][  0]LogConfig: Setting CVar [[r.Streaming.AmortizeCPUToGPUCopy:0]]
[2020.06.04-20.49.28:835][  0]LogConfig: Setting CVar [[r.Streaming.MaxNumTexturesToStreamPerFrame:0]]
[2020.06.04-20.49.28:835][  0]LogConfig: Setting CVar [[r.Streaming.Boost:1]]
[2020.06.04-20.49.28:835][  0]LogConfig: Setting CVar [[r.MaxAnisotropy:8]]
[2020.06.04-20.49.28:835][  0]LogConfig: Setting CVar [[r.VT.MaxAnisotropy:8]]
[2020.06.04-20.49.28:835][  0]LogConfig: Setting CVar [[r.Streaming.LimitPoolSizeToVRAM:0]]
[2020.06.04-20.49.28:835][  0]LogConfig: Setting CVar [[r.Streaming.PoolSize:1000]]
[2020.06.04-20.49.28:835][  0]LogConfig: Setting CVar [[r.Streaming.MaxEffectiveScreenSize:0]]
[2020.06.04-20.49.28:835][  0]LogConfig: Applying CVar settings from Section [EffectsQuality@3] File [C:/Users/zeyul/Documents/GitHub/Unreal-template/Unreal_Template/Saved/Config/Windows/Scalability.ini]
[2020.06.04-20.49.28:835][  0]LogConfig: Setting CVar [[r.TranslucencyLightingVolumeDim:64]]
[2020.06.04-20.49.28:835][  0]LogConfig: Setting CVar [[r.RefractionQuality:2]]
[2020.06.04-20.49.28:835][  0]LogConfig: Setting CVar [[r.SSR.Quality:3]]
[2020.06.04-20.49.28:835][  0]LogConfig: Setting CVar [[r.SSR.HalfResSceneColor:0]]
[2020.06.04-20.49.28:835][  0]LogConfig: Setting CVar [[r.SceneColorFormat:4]]
[2020.06.04-20.49.28:835][  0]LogConfig: Setting CVar [[r.DetailMode:2]]
[2020.06.04-20.49.28:835][  0]LogConfig: Setting CVar [[r.TranslucencyVolumeBlur:1]]
[2020.06.04-20.49.28:835][  0]LogConfig: Setting CVar [[r.MaterialQualityLevel:1 ; High quality]]
[2020.06.04-20.49.28:835][  0]LogConfig: Setting CVar [[r.SSS.Scale:1]]
[2020.06.04-20.49.28:835][  0]LogConfig: Setting CVar [[r.SSS.SampleSet:2]]
[2020.06.04-20.49.28:835][  0]LogConfig: Setting CVar [[r.SSS.Quality:1]]
[2020.06.04-20.49.28:835][  0]LogConfig: Setting CVar [[r.SSS.HalfRes:0]]
[2020.06.04-20.49.28:835][  0]LogConfig: Setting CVar [[r.SSGI.Quality:3]]
[2020.06.04-20.49.28:835][  0]LogConfig: Setting CVar [[r.EmitterSpawnRateScale:1.0]]
[2020.06.04-20.49.28:835][  0]LogConfig: Setting CVar [[r.ParticleLightQuality:2]]
[2020.06.04-20.49.28:835][  0]LogConfig: Setting CVar [[r.SkyAtmosphere.AerialPerspectiveLUT.FastApplyOnOpaque:1 ; Always have FastSkyLUT 1 in this case to avoid wrong sky]]
[2020.06.04-20.49.28:835][  0]LogConfig: Setting CVar [[r.SkyAtmosphere.AerialPerspectiveLUT.SampleCountPerSlice:1]]
[2020.06.04-20.49.28:835][  0]LogConfig: Setting CVar [[r.SkyAtmosphere.AerialPerspectiveLUT.DepthResolution:16.0]]
[2020.06.04-20.49.28:835][  0]LogConfig: Setting CVar [[r.SkyAtmosphere.FastSkyLUT:1]]
[2020.06.04-20.49.28:835][  0]LogConfig: Setting CVar [[r.SkyAtmosphere.FastSkyLUT.SampleCountMin:4.0]]
[2020.06.04-20.49.28:835][  0]LogConfig: Setting CVar [[r.SkyAtmosphere.FastSkyLUT.SampleCountMax:32.0]]
[2020.06.04-20.49.28:835][  0]LogConfig: Setting CVar [[r.SkyAtmosphere.SampleCountMin:4.0]]
[2020.06.04-20.49.28:835][  0]LogConfig: Setting CVar [[r.SkyAtmosphere.SampleCountMax:32.0]]
[2020.06.04-20.49.28:835][  0]LogConfig: Setting CVar [[r.SkyAtmosphere.TransmittanceLUT.UseSmallFormat:0]]
[2020.06.04-20.49.28:836][  0]LogConfig: Setting CVar [[r.SkyAtmosphere.TransmittanceLUT.SampleCount:10.0]]
[2020.06.04-20.49.28:836][  0]LogConfig: Setting CVar [[r.SkyAtmosphere.MultiScatteringLUT.SampleCount:15.0]]
[2020.06.04-20.49.28:836][  0]LogConfig: Applying CVar settings from Section [FoliageQuality@3] File [C:/Users/zeyul/Documents/GitHub/Unreal-template/Unreal_Template/Saved/Config/Windows/Scalability.ini]
[2020.06.04-20.49.28:836][  0]LogConfig: Setting CVar [[foliage.DensityScale:1.0]]
[2020.06.04-20.49.28:836][  0]LogConfig: Setting CVar [[grass.DensityScale:1.0]]
[2020.06.04-20.49.28:836][  0]LogConfig: Applying CVar settings from Section [ShadingQuality@3] File [C:/Users/zeyul/Documents/GitHub/Unreal-template/Unreal_Template/Saved/Config/Windows/Scalability.ini]
[2020.06.04-20.49.28:836][  0]LogConfig: Setting CVar [[r.HairStrands.SkyLighting.SampleCount:16]]
[2020.06.04-20.49.28:836][  0]LogConfig: Setting CVar [[r.HairStrands.SkyLighting.JitterIntegration:0]]
[2020.06.04-20.49.28:836][  0]LogConfig: Setting CVar [[r.HairStrands.SkyAO.SampleCount:16]]
[2020.06.04-20.49.28:836][  0]LogConfig: Setting CVar [[r.HairStrands.DeepShadow.SuperSampling:0]]
[2020.06.04-20.49.28:836][  0]LogConfig: Setting CVar [[r.HairStrands.VisibilityPPLL:0]]
[2020.06.04-20.49.28:836][  0]LogConfig: Setting CVar [[r.HairStrands.RasterizationScale:0.5]]
[2020.06.04-20.49.28:836][  0]LogConfig: Setting CVar [[r.HairStrands.VelocityRasterizationScale:1]]
[2020.06.04-20.49.28:836][  0]LogInit: Selected Device Profile: [Windows]
[2020.06.04-20.49.28:836][  0]LogInit: Applying CVar settings loaded from the selected device profile: [Windows]
[2020.06.04-20.49.28:836][  0]LogHAL: Display: Platform has ~ 8 GB [8464355328 / 8589934592 / 8], which maps to Default [LargestMinGB=32, LargerMinGB=12, DefaultMinGB=8, SmallerMinGB=6, SmallestMinGB=0)
[2020.06.04-20.49.28:836][  0]LogInit: Going up to parent DeviceProfile []
[2020.06.04-20.49.28:836][  0]LogConfig: Applying CVar settings from Section [ViewDistanceQuality@3] File [C:/Users/zeyul/Documents/GitHub/Unreal-template/Unreal_Template/Saved/Config/Windows/Scalability.ini]
[2020.06.04-20.49.28:836][  0]LogConfig: Setting CVar [[r.SkeletalMeshLODBias:0]]
[2020.06.04-20.49.28:836][  0]LogConfig: Setting CVar [[r.ViewDistanceScale:1.0]]
[2020.06.04-20.49.28:836][  0]LogConfig: Applying CVar settings from Section [AntiAliasingQuality@3] File [C:/Users/zeyul/Documents/GitHub/Unreal-template/Unreal_Template/Saved/Config/Windows/Scalability.ini]
[2020.06.04-20.49.28:836][  0]LogConfig: Setting CVar [[r.PostProcessAAQuality:4]]
[2020.06.04-20.49.28:836][  0]LogConfig: Applying CVar settings from Section [ShadowQuality@3] File [C:/Users/zeyul/Documents/GitHub/Unreal-template/Unreal_Template/Saved/Config/Windows/Scalability.ini]
[2020.06.04-20.49.28:836][  0]LogConfig: Setting CVar [[r.LightFunctionQuality:1]]
[2020.06.04-20.49.28:836][  0]LogConfig: Setting CVar [[r.ShadowQuality:5]]
[2020.06.04-20.49.28:836][  0]LogConfig: Setting CVar [[r.Shadow.CSM.MaxCascades:10]]
[2020.06.04-20.49.28:836][  0]LogConfig: Setting CVar [[r.Shadow.MaxResolution:2048]]
[2020.06.04-20.49.28:836][  0]LogConfig: Setting CVar [[r.Shadow.MaxCSMResolution:2048]]
[2020.06.04-20.49.28:836][  0]LogConfig: Setting CVar [[r.Shadow.RadiusThreshold:0.01]]
[2020.06.04-20.49.28:836][  0]LogConfig: Setting CVar [[r.Shadow.DistanceScale:1.0]]
[2020.06.04-20.49.28:836][  0]LogConfig: Setting CVar [[r.Shadow.CSM.TransitionScale:1.0]]
[2020.06.04-20.49.28:836][  0]LogConfig: Setting CVar [[r.Shadow.PreShadowResolutionFactor:1.0]]
[2020.06.04-20.49.28:836][  0]LogConfig: Setting CVar [[r.DistanceFieldShadowing:1]]
[2020.06.04-20.49.28:836][  0]LogConfig: Setting CVar [[r.DistanceFieldAO:1]]
[2020.06.04-20.49.28:836][  0]LogConfig: Setting CVar [[r.AOQuality:2]]
[2020.06.04-20.49.28:836][  0]LogConfig: Setting CVar [[r.VolumetricFog:1]]
[2020.06.04-20.49.28:836][  0]LogConfig: Setting CVar [[r.VolumetricFog.GridPixelSize:8]]
[2020.06.04-20.49.28:836][  0]LogConfig: Setting CVar [[r.VolumetricFog.GridSizeZ:128]]
[2020.06.04-20.49.28:836][  0]LogConfig: Setting CVar [[r.VolumetricFog.HistoryMissSupersampleCount:4]]
[2020.06.04-20.49.28:836][  0]LogConfig: Setting CVar [[r.LightMaxDrawDistanceScale:1]]
[2020.06.04-20.49.28:836][  0]LogConfig: Setting CVar [[r.CapsuleShadows:1]]
[2020.06.04-20.49.28:836][  0]LogConfig: Applying CVar settings from Section [PostProcessQuality@3] File [C:/Users/zeyul/Documents/GitHub/Unreal-template/Unreal_Template/Saved/Config/Windows/Scalability.ini]
[2020.06.04-20.49.28:836][  0]LogConfig: Setting CVar [[r.MotionBlurQuality:4]]
[2020.06.04-20.49.28:836][  0]LogConfig: Setting CVar [[r.AmbientOcclusionMipLevelFactor:0.4]]
[2020.06.04-20.49.28:836][  0]LogConfig: Setting CVar [[r.AmbientOcclusionMaxQuality:100]]
[2020.06.04-20.49.28:836][  0]LogConfig: Setting CVar [[r.AmbientOcclusionLevels:-1]]
[2020.06.04-20.49.28:836][  0]LogConfig: Setting CVar [[r.AmbientOcclusionRadiusScale:1.0]]
[2020.06.04-20.49.28:836][  0]LogConfig: Setting CVar [[r.DepthOfFieldQuality:2]]
[2020.06.04-20.49.28:836][  0]LogConfig: Setting CVar [[r.RenderTargetPoolMin:400]]
[2020.06.04-20.49.28:836][  0]LogConfig: Setting CVar [[r.LensFlareQuality:2]]
[2020.06.04-20.49.28:836][  0]LogConfig: Setting CVar [[r.SceneColorFringeQuality:1]]
[2020.06.04-20.49.28:836][  0]LogConfig: Setting CVar [[r.EyeAdaptationQuality:2]]
[2020.06.04-20.49.28:836][  0]LogConfig: Setting CVar [[r.BloomQuality:5]]
[2020.06.04-20.49.28:836][  0]LogConfig: Setting CVar [[r.FastBlurThreshold:100]]
[2020.06.04-20.49.28:836][  0]LogConfig: Setting CVar [[r.Upscale.Quality:3]]
[2020.06.04-20.49.28:837][  0]LogConfig: Setting CVar [[r.Tonemapper.GrainQuantization:1]]
[2020.06.04-20.49.28:837][  0]LogConfig: Setting CVar [[r.LightShaftQuality:1]]
[2020.06.04-20.49.28:837][  0]LogConfig: Setting CVar [[r.Filter.SizeScale:1]]
[2020.06.04-20.49.28:837][  0]LogConfig: Setting CVar [[r.Tonemapper.Quality:5]]
[2020.06.04-20.49.28:837][  0]LogConfig: Setting CVar [[r.DOF.Gather.AccumulatorQuality:1        ; higher gathering accumulator quality]]
[2020.06.04-20.49.28:837][  0]LogConfig: Setting CVar [[r.DOF.Gather.PostfilterMethod:1          ; Median3x3 postfilering method]]
[2020.06.04-20.49.28:837][  0]LogConfig: Setting CVar [[r.DOF.Gather.EnableBokehSettings:0       ; no bokeh simulation when gathering]]
[2020.06.04-20.49.28:837][  0]LogConfig: Setting CVar [[r.DOF.Gather.RingCount:4                 ; medium number of samples when gathering]]
[2020.06.04-20.49.28:837][  0]LogConfig: Setting CVar [[r.DOF.Scatter.ForegroundCompositing:1    ; additive foreground scattering]]
[2020.06.04-20.49.28:837][  0]LogConfig: Setting CVar [[r.DOF.Scatter.BackgroundCompositing:2    ; additive background scattering]]
[2020.06.04-20.49.28:837][  0]LogConfig: Setting CVar [[r.DOF.Scatter.EnableBokehSettings:1      ; bokeh simulation when scattering]]
[2020.06.04-20.49.28:837][  0]LogConfig: Setting CVar [[r.DOF.Scatter.MaxSpriteRatio:0.1         ; only a maximum of 10% of scattered bokeh]]
[2020.06.04-20.49.28:837][  0]LogConfig: Setting CVar [[r.DOF.Recombine.Quality:1                ; cheap slight out of focus]]
[2020.06.04-20.49.28:837][  0]LogConfig: Setting CVar [[r.DOF.Recombine.EnableBokehSettings:0    ; no bokeh simulation on slight out of focus]]
[2020.06.04-20.49.28:837][  0]LogConfig: Setting CVar [[r.DOF.TemporalAAQuality:1                ; more stable temporal accumulation]]
[2020.06.04-20.49.28:837][  0]LogConfig: Setting CVar [[r.DOF.Kernel.MaxForegroundRadius:0.025]]
[2020.06.04-20.49.28:837][  0]LogConfig: Setting CVar [[r.DOF.Kernel.MaxBackgroundRadius:0.025]]
[2020.06.04-20.49.28:837][  0]LogConfig: Applying CVar settings from Section [TextureQuality@3] File [C:/Users/zeyul/Documents/GitHub/Unreal-template/Unreal_Template/Saved/Config/Windows/Scalability.ini]
[2020.06.04-20.49.28:837][  0]LogConfig: Setting CVar [[r.Streaming.MipBias:0]]
[2020.06.04-20.49.28:837][  0]LogConfig: Setting CVar [[r.Streaming.AmortizeCPUToGPUCopy:0]]
[2020.06.04-20.49.28:837][  0]LogConfig: Setting CVar [[r.Streaming.MaxNumTexturesToStreamPerFrame:0]]
[2020.06.04-20.49.28:837][  0]LogConfig: Setting CVar [[r.Streaming.Boost:1]]
[2020.06.04-20.49.28:837][  0]LogConfig: Setting CVar [[r.MaxAnisotropy:8]]
[2020.06.04-20.49.28:837][  0]LogConfig: Setting CVar [[r.VT.MaxAnisotropy:8]]
[2020.06.04-20.49.28:837][  0]LogConfig: Setting CVar [[r.Streaming.LimitPoolSizeToVRAM:0]]
[2020.06.04-20.49.28:837][  0]LogConfig: Setting CVar [[r.Streaming.PoolSize:1000]]
[2020.06.04-20.49.28:837][  0]LogConfig: Setting CVar [[r.Streaming.MaxEffectiveScreenSize:0]]
[2020.06.04-20.49.28:837][  0]LogConfig: Applying CVar settings from Section [EffectsQuality@3] File [C:/Users/zeyul/Documents/GitHub/Unreal-template/Unreal_Template/Saved/Config/Windows/Scalability.ini]
[2020.06.04-20.49.28:837][  0]LogConfig: Setting CVar [[r.TranslucencyLightingVolumeDim:64]]
[2020.06.04-20.49.28:837][  0]LogConfig: Setting CVar [[r.RefractionQuality:2]]
[2020.06.04-20.49.28:837][  0]LogConfig: Setting CVar [[r.SSR.Quality:3]]
[2020.06.04-20.49.28:837][  0]LogConfig: Setting CVar [[r.SSR.HalfResSceneColor:0]]
[2020.06.04-20.49.28:837][  0]LogConfig: Setting CVar [[r.SceneColorFormat:4]]
[2020.06.04-20.49.28:837][  0]LogConfig: Setting CVar [[r.DetailMode:2]]
[2020.06.04-20.49.28:837][  0]LogConfig: Setting CVar [[r.TranslucencyVolumeBlur:1]]
[2020.06.04-20.49.28:837][  0]LogConfig: Setting CVar [[r.MaterialQualityLevel:1 ; High quality]]
[2020.06.04-20.49.28:837][  0]LogConfig: Setting CVar [[r.SSS.Scale:1]]
[2020.06.04-20.49.28:837][  0]LogConfig: Setting CVar [[r.SSS.SampleSet:2]]
[2020.06.04-20.49.28:837][  0]LogConfig: Setting CVar [[r.SSS.Quality:1]]
[2020.06.04-20.49.28:837][  0]LogConfig: Setting CVar [[r.SSS.HalfRes:0]]
[2020.06.04-20.49.28:837][  0]LogConfig: Setting CVar [[r.SSGI.Quality:3]]
[2020.06.04-20.49.28:837][  0]LogConfig: Setting CVar [[r.EmitterSpawnRateScale:1.0]]
[2020.06.04-20.49.28:837][  0]LogConfig: Setting CVar [[r.ParticleLightQuality:2]]
[2020.06.04-20.49.28:837][  0]LogConfig: Setting CVar [[r.SkyAtmosphere.AerialPerspectiveLUT.FastApplyOnOpaque:1 ; Always have FastSkyLUT 1 in this case to avoid wrong sky]]
[2020.06.04-20.49.28:837][  0]LogConfig: Setting CVar [[r.SkyAtmosphere.AerialPerspectiveLUT.SampleCountPerSlice:1]]
[2020.06.04-20.49.28:837][  0]LogConfig: Setting CVar [[r.SkyAtmosphere.AerialPerspectiveLUT.DepthResolution:16.0]]
[2020.06.04-20.49.28:837][  0]LogConfig: Setting CVar [[r.SkyAtmosphere.FastSkyLUT:1]]
[2020.06.04-20.49.28:837][  0]LogConfig: Setting CVar [[r.SkyAtmosphere.FastSkyLUT.SampleCountMin:4.0]]
[2020.06.04-20.49.28:837][  0]LogConfig: Setting CVar [[r.SkyAtmosphere.FastSkyLUT.SampleCountMax:32.0]]
[2020.06.04-20.49.28:837][  0]LogConfig: Setting CVar [[r.SkyAtmosphere.SampleCountMin:4.0]]
[2020.06.04-20.49.28:837][  0]LogConfig: Setting CVar [[r.SkyAtmosphere.SampleCountMax:32.0]]
[2020.06.04-20.49.28:837][  0]LogConfig: Setting CVar [[r.SkyAtmosphere.TransmittanceLUT.UseSmallFormat:0]]
[2020.06.04-20.49.28:837][  0]LogConfig: Setting CVar [[r.SkyAtmosphere.TransmittanceLUT.SampleCount:10.0]]
[2020.06.04-20.49.28:837][  0]LogConfig: Setting CVar [[r.SkyAtmosphere.MultiScatteringLUT.SampleCount:15.0]]
[2020.06.04-20.49.28:837][  0]LogConfig: Applying CVar settings from Section [FoliageQuality@3] File [C:/Users/zeyul/Documents/GitHub/Unreal-template/Unreal_Template/Saved/Config/Windows/Scalability.ini]
[2020.06.04-20.49.28:837][  0]LogConfig: Setting CVar [[foliage.DensityScale:1.0]]
[2020.06.04-20.49.28:837][  0]LogConfig: Setting CVar [[grass.DensityScale:1.0]]
[2020.06.04-20.49.28:837][  0]LogConfig: Applying CVar settings from Section [ShadingQuality@3] File [C:/Users/zeyul/Documents/GitHub/Unreal-template/Unreal_Template/Saved/Config/Windows/Scalability.ini]
[2020.06.04-20.49.28:837][  0]LogConfig: Setting CVar [[r.HairStrands.SkyLighting.SampleCount:16]]
[2020.06.04-20.49.28:837][  0]LogConfig: Setting CVar [[r.HairStrands.SkyLighting.JitterIntegration:0]]
[2020.06.04-20.49.28:837][  0]LogConfig: Setting CVar [[r.HairStrands.SkyAO.SampleCount:16]]
[2020.06.04-20.49.28:837][  0]LogConfig: Setting CVar [[r.HairStrands.DeepShadow.SuperSampling:0]]
[2020.06.04-20.49.28:837][  0]LogConfig: Setting CVar [[r.HairStrands.VisibilityPPLL:0]]
[2020.06.04-20.49.28:837][  0]LogConfig: Setting CVar [[r.HairStrands.RasterizationScale:0.5]]
[2020.06.04-20.49.28:837][  0]LogConfig: Setting CVar [[r.HairStrands.VelocityRasterizationScale:1]]
[2020.06.04-20.49.28:837][  0]LogConfig: Applying CVar settings from Section [Startup] File [../../../Engine/Config/ConsoleVariables.ini]
[2020.06.04-20.49.28:847][  0]LogConfig: Setting CVar [[net.UseAdaptiveNetUpdateFrequency:0]]
[2020.06.04-20.49.28:847][  0]LogConfig: Setting CVar [[p.chaos.AllowCreatePhysxBodies:1]]
[2020.06.04-20.49.28:847][  0]LogConfig: Setting CVar [[fx.SkipVectorVMBackendOptimizations:1]]
[2020.06.04-20.49.28:847][  0]LogConfig: Applying CVar settings from Section [ConsoleVariables] File [C:/Users/zeyul/Documents/GitHub/Unreal-template/Unreal_Template/Saved/Config/Windows/Engine.ini]
[2020.06.04-20.49.28:848][  0]LogInit: Computer: LAPTOP-709FOJ2F
[2020.06.04-20.49.28:848][  0]LogInit: User: zeyul
[2020.06.04-20.49.28:848][  0]LogInit: CPU Page size=4096, Cores=4
[2020.06.04-20.49.28:848][  0]LogInit: High frequency timer resolution =10.000000 MHz
[2020.06.04-20.49.28:848][  0]LogMemory: Memory total: Physical=7.9GB (8GB approx)
[2020.06.04-20.49.28:848][  0]LogMemory: Platform Memory Stats for Windows
[2020.06.04-20.49.28:848][  0]LogMemory: Process Physical Memory: 113.85 MB used, 113.85 MB peak
[2020.06.04-20.49.28:848][  0]LogMemory: Process Virtual Memory: 96.53 MB used, 96.53 MB peak
[2020.06.04-20.49.28:848][  0]LogMemory: Physical Memory: 4310.48 MB used,  3761.75 MB free, 8072.24 MB total
[2020.06.04-20.49.28:848][  0]LogMemory: Virtual Memory: 5144.13 MB used,  134212584.00 MB free, 134217728.00 MB total
[2020.06.04-20.49.28:854][  0]LogWindows: WindowsPlatformFeatures enabled
[2020.06.04-20.49.29:233][  0]LogInit: Physics initialised using underlying interface: PhysX
[2020.06.04-20.49.29:238][  0]LogInit: Using OS detected language (en-US).
[2020.06.04-20.49.29:238][  0]LogInit: Using OS detected locale (en-CA).
[2020.06.04-20.49.29:260][  0]LogTextLocalizationManager: No specific localization for 'en-US' exists, so the 'en' localization will be used.
[2020.06.04-20.49.29:699][  0]LogInit: Setting process to per monitor DPI aware
[2020.06.04-20.49.29:842][  0]LogSlate: New Slate User Created.  User Index 0, Is Virtual User: 0
[2020.06.04-20.49.29:842][  0]LogSlate: Slate User Registered.  User Index 0, Is Virtual User: 0
[2020.06.04-20.49.34:290][  0]LogHMD: Failed to initialize OpenVR with code 110
[2020.06.04-20.49.34:290][  0]LogD3D11RHI: D3D11 min allowed feature level: 11_0
[2020.06.04-20.49.34:290][  0]LogD3D11RHI: D3D11 max allowed feature level: 11_0
[2020.06.04-20.49.34:290][  0]LogD3D11RHI: D3D11 adapters:
[2020.06.04-20.49.34:477][  0]LogD3D11RHI:    0. 'NVIDIA GeForce GTX 1050' (Feature Level 11_0)
[2020.06.04-20.49.34:477][  0]LogD3D11RHI:       2996/0/4036 MB DedicatedVideo/DedicatedSystem/SharedSystem, Outputs:1, VendorId:0x10de
[2020.06.04-20.49.34:583][  0]LogD3D11RHI:    1. 'Intel(R) UHD Graphics 630' (Feature Level 11_0)
[2020.06.04-20.49.34:583][  0]LogD3D11RHI:       128/0/4036 MB DedicatedVideo/DedicatedSystem/SharedSystem, Outputs:1, VendorId:0x8086
[2020.06.04-20.49.34:595][  0]LogD3D11RHI:    2. 'Microsoft Basic Render Driver' (Feature Level 11_0)
[2020.06.04-20.49.34:595][  0]LogD3D11RHI:       0/0/4036 MB DedicatedVideo/DedicatedSystem/SharedSystem, Outputs:0, VendorId:0x1414
[2020.06.04-20.49.34:595][  0]LogD3D11RHI: Chosen D3D11 Adapter: 0
[2020.06.04-20.49.34:600][  0]LogD3D11RHI: Creating new Direct3DDevice
[2020.06.04-20.49.34:600][  0]LogD3D11RHI:     GPU DeviceId: 0x1c91 (for the marketing name, search the web for "GPU Device Id")
[2020.06.04-20.49.34:600][  0]LogWindows: EnumDisplayDevices:
[2020.06.04-20.49.34:601][  0]LogWindows:    0. 'Intel(R) UHD Graphics 630' (P:0 D:1)
[2020.06.04-20.49.34:601][  0]LogWindows:    1. 'Intel(R) UHD Graphics 630' (P:0 D:0)
[2020.06.04-20.49.34:601][  0]LogWindows:    2. 'Intel(R) UHD Graphics 630' (P:0 D:0)
[2020.06.04-20.49.34:601][  0]LogWindows:    3. 'NVIDIA GeForce GTX 1050' (P:1 D:1)
[2020.06.04-20.49.34:602][  0]LogWindows: DebugString: PrimaryIsNotTheChoosenAdapter PrimaryIsNotTheChoosenAdapter PrimaryIsNotTheChoosenAdapter 
[2020.06.04-20.49.34:602][  0]LogD3D11RHI:     Adapter Name: NVIDIA GeForce GTX 1050
[2020.06.04-20.49.34:602][  0]LogD3D11RHI:   Driver Version: 445.87 (internal:26.21.14.4587, unified:445.87)
[2020.06.04-20.49.34:602][  0]LogD3D11RHI:      Driver Date: 4-3-2020
[2020.06.04-20.49.34:602][  0]LogRHI: Texture pool is 2097 MB (70% of 2996 MB)
[2020.06.04-20.49.34:652][  0]LogD3D11RHI: RHI has support for 64 bit atomics
[2020.06.04-20.49.34:662][  0]LogD3D11RHI: [Aftermath] Enabled and primed
[2020.06.04-20.49.34:662][  0]LogD3D11RHI: Async texture creation enabled
[2020.06.04-20.49.34:662][  0]LogD3D11RHI: Array index from any shader is supported
[2020.06.04-20.49.34:697][  0]LogD3D11RHI: GPU Timing Frequency: 1000.000000 (Debug: 2 1)
[2020.06.04-20.49.35:356][  0]LogTargetPlatformManager: Display: Loaded TargetPlatform 'AllDesktop'
[2020.06.04-20.49.35:395][  0]LogTargetPlatformManager: Display: Loaded TargetPlatform 'Android'
[2020.06.04-20.49.35:395][  0]LogTargetPlatformManager: Display: Loaded TargetPlatform 'Android_ASTC'
[2020.06.04-20.49.35:395][  0]LogTargetPlatformManager: Display: Loaded TargetPlatform 'Android_DXT'
[2020.06.04-20.49.35:395][  0]LogTargetPlatformManager: Display: Loaded TargetPlatform 'Android_ETC2'
[2020.06.04-20.49.35:395][  0]LogTargetPlatformManager: Display: Loaded TargetPlatform 'AndroidClient'
[2020.06.04-20.49.35:395][  0]LogTargetPlatformManager: Display: Loaded TargetPlatform 'Android_ASTCClient'
[2020.06.04-20.49.35:395][  0]LogTargetPlatformManager: Display: Loaded TargetPlatform 'Android_DXTClient'
[2020.06.04-20.49.35:395][  0]LogTargetPlatformManager: Display: Loaded TargetPlatform 'Android_ETC2Client'
[2020.06.04-20.49.35:395][  0]LogTargetPlatformManager: Display: Loaded TargetPlatform 'Android_Multi'
[2020.06.04-20.49.35:395][  0]LogTargetPlatformManager: Display: Loaded TargetPlatform 'Android_MultiClient'
[2020.06.04-20.49.35:475][  0]LogTargetPlatformManager: Display: Loaded TargetPlatform 'IOSClient'
[2020.06.04-20.49.35:475][  0]LogTargetPlatformManager: Display: Loaded TargetPlatform 'IOS'
[2020.06.04-20.49.35:514][  0]LogTargetPlatformManager: Display: Loaded TargetPlatform 'Linux'
[2020.06.04-20.49.35:537][  0]LogTargetPlatformManager: Display: Loaded TargetPlatform 'LinuxNoEditor'
[2020.06.04-20.49.35:560][  0]LogTargetPlatformManager: Display: Loaded TargetPlatform 'LinuxClient'
[2020.06.04-20.49.35:583][  0]LogTargetPlatformManager: Display: Loaded TargetPlatform 'LinuxServer'
[2020.06.04-20.49.35:609][  0]LogTargetPlatformManager: Display: Loaded TargetPlatform 'LinuxAArch64NoEditor'
[2020.06.04-20.49.35:632][  0]LogTargetPlatformManager: Display: Loaded TargetPlatform 'LinuxAArch64Client'
[2020.06.04-20.49.35:659][  0]LogTargetPlatformManager: Display: Loaded TargetPlatform 'LinuxAArch64Server'
[2020.06.04-20.49.35:711][  0]LogTargetPlatformManager: Display: Loaded TargetPlatform 'Lumin'
[2020.06.04-20.49.35:711][  0]LogTargetPlatformManager: Display: Loaded TargetPlatform 'LuminClient'
[2020.06.04-20.49.35:741][  0]LogTargetPlatformManager: Display: Loaded TargetPlatform 'TVOSClient'
[2020.06.04-20.49.35:741][  0]LogTargetPlatformManager: Display: Loaded TargetPlatform 'TVOS'
[2020.06.04-20.49.35:765][  0]LogTargetPlatformManager: Display: Loaded TargetPlatform 'WindowsNoEditor'
[2020.06.04-20.49.35:791][  0]LogTargetPlatformManager: Display: Loaded TargetPlatform 'Windows'
[2020.06.04-20.49.35:817][  0]LogTargetPlatformManager: Display: Loaded TargetPlatform 'WindowsClient'
[2020.06.04-20.49.35:842][  0]LogTargetPlatformManager: Display: Loaded TargetPlatform 'WindowsServer'
[2020.06.04-20.49.35:842][  0]LogTargetPlatformManager: Display: Building Assets For Windows
[2020.06.04-20.49.35:925][  0]LogAudioDebug: Display: Lib vorbis DLL was dynamically loaded.
[2020.06.04-20.49.36:456][  0]LogShaderCompilers: Guid format shader working directory is -32 characters bigger than the processId version (../../../../../../Users/zeyul/Documents/GitHub/Unreal-template/Unreal_Template/Intermediate/Shaders/WorkingDirectory/7636/).
[2020.06.04-20.49.36:457][  0]LogShaderCompilers: Cleaned the shader compiler working directory 'C:/Users/zeyul/AppData/Local/Temp/UnrealShaderWorkingDir/8A72DA104B9B3B2C056F2B98CFF9224A/'.
[2020.06.04-20.49.36:457][  0]LogXGEController: Cleaning working directory: C:/Users/zeyul/AppData/Local/Temp/UnrealXGEWorkingDir/
[2020.06.04-20.49.36:458][  0]LogXGEController: Cannot use XGE Controller as Incredibuild is not installed on this machine.
[2020.06.04-20.49.36:458][  0]LogShaderCompilers: Cannot use XGE Shader Compiler as Incredibuild is not installed on this machine.
[2020.06.04-20.49.36:458][  0]LogShaderCompilers: Display: Using Local Shader Compiler.
[2020.06.04-20.49.41:703][  0]LogDerivedDataCache: Display: Max Cache Size: 512 MB
[2020.06.04-20.49.41:894][  0]LogDerivedDataCache: Loaded boot cache 0.19s 104MB C:/Users/zeyul/AppData/Local/UnrealEngine/4.25/DerivedDataCache/Boot.ddc.
[2020.06.04-20.49.41:894][  0]LogDerivedDataCache: Display: Loaded Boot cache: C:/Users/zeyul/AppData/Local/UnrealEngine/4.25/DerivedDataCache/Boot.ddc
[2020.06.04-20.49.41:895][  0]LogDerivedDataCache: FDerivedDataBackendGraph:  Pak pak cache file ../../../../../../Users/zeyul/Documents/GitHub/Unreal-template/Unreal_Template/DerivedDataCache/DDC.ddp not found, will not use a pak cache.
[2020.06.04-20.49.41:895][  0]LogDerivedDataCache: Unable to find inner node Pak for hierarchical cache Hierarchy.
[2020.06.04-20.49.41:895][  0]LogDerivedDataCache: FDerivedDataBackendGraph:  CompressedPak pak cache file ../../../../../../Users/zeyul/Documents/GitHub/Unreal-template/Unreal_Template/DerivedDataCache/Compressed.ddp not found, will not use a pak cache.
[2020.06.04-20.49.41:895][  0]LogDerivedDataCache: Unable to find inner node CompressedPak for hierarchical cache Hierarchy.
[2020.06.04-20.49.41:922][  0]LogDerivedDataCache: Display: Pak cache opened for reading ../../../Engine/DerivedDataCache/Compressed.ddp.
[2020.06.04-20.49.41:922][  0]LogDerivedDataCache: FDerivedDataBackendGraph:  EnterprisePak pak cache file ../../../Enterprise/DerivedDataCache/Compressed.ddp not found, will not use a pak cache.
[2020.06.04-20.49.41:923][  0]LogDerivedDataCache: Unable to find inner node EnterprisePak for hierarchical cache Hierarchy.
[2020.06.04-20.49.41:926][  0]LogDerivedDataCache: Using Local data cache path C:/Users/zeyul/AppData/Local/UnrealEngine/Common/DerivedDataCache: Writable
[2020.06.04-20.49.41:926][  0]LogDerivedDataCache: Shared data cache path not found in *engine.ini, will not use an Shared cache.
[2020.06.04-20.49.41:926][  0]LogDerivedDataCache: Unable to find inner node Shared for hierarchical cache Hierarchy.
[2020.06.04-20.49.41:988][  0]LogSlate: Using FreeType 2.10.0
[2020.06.04-20.49.42:015][  0]LogSlate: SlateFontServices - WITH_FREETYPE: 1, WITH_HARFBUZZ: 1
[2020.06.04-20.49.42:111][  0]LogAssetRegistry: FAssetRegistry took 0.0035 seconds to start up
[2020.06.04-20.49.42:441][  0]LogInit: Selected Device Profile: [Windows]
[2020.06.04-20.49.43:190][  0]LogMeshReduction: Using QuadricMeshReduction for automatic static mesh reduction
[2020.06.04-20.49.43:190][  0]LogMeshReduction: Using SimplygonMeshReduction for automatic skeletal mesh reduction
[2020.06.04-20.49.43:190][  0]LogMeshReduction: Using ProxyLODMeshReduction for automatic mesh merging
[2020.06.04-20.49.43:190][  0]LogMeshReduction: No distributed automatic mesh merging module available
[2020.06.04-20.49.43:190][  0]LogMeshMerging: No distributed automatic mesh merging module available
[2020.06.04-20.49.43:284][  0]LogNetVersion: Unreal_Template 1.0.0, NetCL: 13144385, EngineNetVer: 14, GameNetVer: 0 (Checksum: 661189453)
[2020.06.04-20.49.45:550][  0]LogAISub: UAISubsystem::UAISubsystem AISubsystem (000001713F1F9880), frame # 0
[2020.06.04-20.49.45:550][  0]LogAISub: UAISubsystem::UAISubsystem AIPerceptionSystem (0000017140C351C0), frame # 0
[2020.06.04-20.49.45:553][  0]LogAISub: UAISubsystem::UAISubsystem EnvQueryManager (0000017140C89E00), frame # 0
[2020.06.04-20.49.45:699][  0]LogPackageLocalizationCache: Processed 19 localized package path(s) for 1 prioritized culture(s) in 0.103811 seconds
[2020.06.04-20.49.45:705][  0]LogUObjectArray: 15917 objects as part of root set at end of initial load.
[2020.06.04-20.49.45:705][  0]LogUObjectAllocator: 3965568 out of 0 bytes used by permanent object pool.
[2020.06.04-20.49.45:705][  0]LogUObjectArray: CloseDisregardForGC: 0/0 objects in disregard for GC pool
[2020.06.04-20.49.49:504][  0]LogTcpMessaging: Initializing TcpMessaging bridge
[2020.06.04-20.49.49:546][  0]LogUdpMessaging: Initializing bridge on interface 0.0.0.0:0 to multicast group 230.0.0.1:6666.
[2020.06.04-20.49.50:313][  0]SourceControl: Source control is disabled
[2020.06.04-20.49.50:313][  0]SourceControl: Source control is disabled
[2020.06.04-20.49.50:366][  0]SourceControl: Source control is disabled
[2020.06.04-20.49.50:388][  0]SourceControl: Source control is disabled
[2020.06.04-20.49.50:434][  0]SourceControl: Source control is disabled
[2020.06.04-20.49.53:440][  0]LogAndroidPermission: UAndroidPermissionCallbackProxy::GetInstance
[2020.06.04-20.49.53:613][  0]LogAudioCaptureCore: Display: No Audio Capture implementations found. Audio input will be silent.
[2020.06.04-20.49.53:613][  0]LogAudioCaptureCore: Display: No Audio Capture implementations found. Audio input will be silent.
[2020.06.04-20.49.53:920][  0]LogOcInput: OculusInput pre-init called
[2020.06.04-20.49.53:985][  0]LogWindows: Failed to load 'OVRPlugin.dll' (GetLastError=126)
[2020.06.04-20.49.53:985][  0]LogWindows: File 'OVRPlugin.dll' does not exist
[2020.06.04-20.49.54:279][  0]LogEngine: Initializing Engine...
[2020.06.04-20.49.54:280][  0]LogHMD: Failed to initialize OpenVR with code 110
[2020.06.04-20.49.54:280][  0]LogMagicLeap: Warning: VR disabled because ZI is not enabled.  To enable, in the editor, Edit -> Project Settings -> Plugins -> Magic Leap Plugin -> Enable Zero Iteration
[2020.06.04-20.49.54:281][  0]LogStats: UGameplayTagsManager::InitializeManager -  0.000 s
[2020.06.04-20.49.54:949][  0]LogInit: Initializing FReadOnlyCVARCache
[2020.06.04-20.49.55:009][  0]LogAIModule: Creating AISystem for world Untitled
[2020.06.04-20.49.55:009][  0]LogAISub: UAISubsystem::UAISubsystem EnvQueryManager (0000017143BE7C00), frame # 0
[2020.06.04-20.49.55:009][  0]LogAISub: UAISubsystem::UAISubsystem AIPerceptionSystem (0000017143C5D1C0), frame # 0
[2020.06.04-20.49.55:033][  0]LogAudioMixer: Display: Audio Mixer Platform Settings:
[2020.06.04-20.49.55:033][  0]LogAudioMixer: Display: 	Sample Rate:						  48000
[2020.06.04-20.49.55:033][  0]LogAudioMixer: Display: 	Callback Buffer Frame Size Requested: 1024
[2020.06.04-20.49.55:033][  0]LogAudioMixer: Display: 	Callback Buffer Frame Size To Use:	  1024
[2020.06.04-20.49.55:033][  0]LogAudioMixer: Display: 	Number of buffers to queue:			  2
[2020.06.04-20.49.55:033][  0]LogAudioMixer: Display: 	Max Channels (voices):				  32
[2020.06.04-20.49.55:033][  0]LogAudioMixer: Display: 	Number of Async Source Workers:		  0
[2020.06.04-20.49.55:033][  0]LogAudio: Display: AudioDevice MaxSources: 32
[2020.06.04-20.49.55:033][  0]LogAudio: Display: Using built-in audio occlusion.
[2020.06.04-20.49.55:033][  0]LogAudioMixer: Display: Initializing audio mixer.
[2020.06.04-20.49.55:160][  0]LogAudioMixer: Display: 0: FrontLeft
[2020.06.04-20.49.55:160][  0]LogAudioMixer: Display: 1: FrontRight
[2020.06.04-20.49.55:253][  0]LogAudioMixer: Display: Using Audio Device Speakers (Realtek(R) Audio)
[2020.06.04-20.49.55:255][  0]LogAudioMixer: Display: Initializing Sound Submixes...
[2020.06.04-20.49.55:337][  0]LogAudioMixer: Display: Creating Master Submix 'MasterSubmixDefault'
[2020.06.04-20.49.55:337][  0]LogAudioMixer: Display: Creating Master Submix 'MasterReverbSubmixDefault'
[2020.06.04-20.49.55:340][  0]LogAudioMixer: Display: Creating Master Submix 'MasterEQSubmixDefault'
[2020.06.04-20.49.55:342][  0]LogInit: FAudioDevice initialized.
[2020.06.04-20.49.55:343][  0]LogNetVersion: Set ProjectVersion to 1.0.0.0. Version Checksum will be recalculated on next use.
[2020.06.04-20.49.55:500][  0]LogDerivedDataCache: Saved boot cache 0.16s 104MB C:/Users/zeyul/AppData/Local/UnrealEngine/4.25/DerivedDataCache/Boot.ddc.
[2020.06.04-20.49.55:515][  0]LogInit: Texture streaming: Enabled
[2020.06.04-20.49.55:631][  0]LogEngineSessionManager: EngineSessionManager initialized
[2020.06.04-20.49.55:631][  0]LogEditorSessionSummary: Verbose: Initializing EditorSessionSummaryWriter for editor session tracking
[2020.06.04-20.49.55:632][  0]LogEditorSessionSummary: EditorSessionSummaryWriter initialized
[2020.06.04-20.49.55:770][  0]LogInit: Transaction tracking system initialized
[2020.06.04-20.49.55:948][  0]BlueprintLog: New page: Editor Load
[2020.06.04-20.49.56:864][  0]LocalizationService: Localization service is disabled
[2020.06.04-20.49.58:077][  0]LogCook: Display: Max memory allowance for cook 16384mb min free memory 0mb
[2020.06.04-20.49.58:077][  0]LogCook: Display: Mobile HDR setting 1
[2020.06.04-20.49.58:465][  0]LogFileCache: Scanning file cache for directory 'C:/Users/zeyul/Documents/GitHub/Unreal-template/Unreal_Template/Content/' took 0.00s
[2020.06.04-20.49.59:315][  0]SourceControl: Source control is disabled
[2020.06.04-20.49.59:315][  0]LogUnrealEdMisc: Loading editor; pre map load, took 39.171
[2020.06.04-20.49.59:315][  0]Cmd: MAP LOAD FILE="../../../../../../Users/zeyul/Documents/GitHub/Unreal-template/Unreal_Template/Content/FirstPersonBP/Maps/FirstPersonExampleMap.umap" TEMPLATE=0 SHOWPROGRESS=1 FEATURELEVEL=3
[2020.06.04-20.49.59:315][  0]LogEditorServer: Warning: Can't find file '../../../../../../Users/zeyul/Documents/GitHub/Unreal-template/Unreal_Template/Content/FirstPersonBP/Maps/FirstPersonExampleMap.umap'
[2020.06.04-20.49.59:315][  0]Cmd: MAP CHECKDEP NOCLEARLOG
[2020.06.04-20.49.59:316][  0]MapCheck: Map check complete: 0 Error(s), 0 Warning(s), took 0.156ms to complete.
[2020.06.04-20.49.59:316][  0]LogFileHelpers: Loading map 'FirstPersonExampleMap' took 0.001
[2020.06.04-20.49.59:318][  0]LogUnrealEdMisc: Total Editor Startup Time, took 39.174
[2020.06.04-20.49.59:466][  0]LogSlate: Updating window title bar state: overlay mode, drag disabled, window buttons hidden, title bar hidden
[2020.06.04-20.49.59:476][  0]LogSlate: Updating window title bar state: overlay mode, drag disabled, window buttons hidden, title bar hidden
[2020.06.04-20.49.59:482][  0]LogSlate: Updating window title bar state: overlay mode, drag disabled, window buttons hidden, title bar hidden
[2020.06.04-20.49.59:491][  0]LogSlate: Updating window title bar state: overlay mode, drag disabled, window buttons hidden, title bar hidden
[2020.06.04-20.49.59:520][  0]LogCollectionManager: Loaded 0 collections in 0.001736 seconds
[2020.06.04-20.49.59:536][  0]LogFileCache: Scanning file cache for directory 'C:/Users/zeyul/Documents/GitHub/Unreal-template/Unreal_Template/Saved/Collections/' took 0.00s
[2020.06.04-20.49.59:536][  0]LogFileCache: Scanning file cache for directory 'C:/Users/zeyul/Documents/GitHub/Unreal-template/Unreal_Template/Content/Developers/zeyul/Collections/' took 0.00s
[2020.06.04-20.49.59:536][  0]LogFileCache: Scanning file cache for directory 'C:/Users/zeyul/Documents/GitHub/Unreal-template/Unreal_Template/Content/Collections/' took 0.00s
[2020.06.04-20.49.59:536][  0]LogContentBrowser: Native class hierarchy populated in 0.0087 seconds. Added 3426 classes and 820 folders.
[2020.06.04-20.49.59:540][  0]LogContentBrowser: Native class hierarchy updated for 'WidgetCarousel' in 0.0003 seconds. Added 0 classes and 0 folders.
[2020.06.04-20.50.00:461][  0]LogContentBrowser: Native class hierarchy updated for 'AddContentDialog' in 0.0002 seconds. Added 0 classes and 0 folders.
[2020.06.04-20.50.00:464][  0]LogContentBrowser: Native class hierarchy updated for 'SceneOutliner' in 0.0002 seconds. Added 2 classes and 0 folders.
[2020.06.04-20.50.00:593][  0]LogSlate: Took 0.008602 seconds to synchronously load lazily loaded font '../../../Engine/Content/Slate/Fonts/Roboto-Regular.ttf' (155K)
[2020.06.04-20.50.00:603][  0]LogSlate: Took 0.007996 seconds to synchronously load lazily loaded font '../../../Engine/Content/Slate/Fonts/Roboto-Bold.ttf' (160K)
[2020.06.04-20.50.00:616][  0]LogSlate: Took 0.008532 seconds to synchronously load lazily loaded font '../../../Engine/Content/Editor/Slate/Fonts/FontAwesome.ttf' (139K)
[2020.06.04-20.50.00:835][  0]LogRenderer: Reallocating scene render targets to support 1228x628 Format 10 NumSamples 1 (Frame:1).
[2020.06.04-20.50.01:099][  0]LogContentBrowser: Native class hierarchy updated for 'HierarchicalLODOutliner' in 0.0002 seconds. Added 0 classes and 0 folders.
[2020.06.04-20.50.01:099][  0]LogLoad: (Engine Initialization) Total time: 40.96 seconds
[2020.06.04-20.50.01:099][  0]LogLoad: (Engine Initialization) Total Blueprint compile time: 0.00 seconds
[2020.06.04-20.50.01:159][  0]LogAssetRegistry: Asset discovery search completed in 19.0493 seconds
[2020.06.04-20.50.01:164][  0]LogCollectionManager: Fixed up redirectors for 0 collections in 0.000006 seconds (updated 0 objects)
[2020.06.04-20.50.01:165][  0]LogContentStreaming: Texture pool size now 1000 MB
[2020.06.04-20.50.01:192][  0]LogSlate: Took 0.009578 seconds to synchronously load lazily loaded font '../../../Engine/Content/Slate/Fonts/Roboto-Light.ttf' (167K)
[2020.06.04-21.03.24:076][395]LogSlate: Took 0.000516 seconds to synchronously load lazily loaded font '../../../Engine/Content/Slate/Fonts/Roboto-Light.ttf' (167K)
[2020.06.04-21.03.25:276][395]LogAssetEditorSubsystem: Opening Asset editor for World /Game/Maps/Main.Main
[2020.06.04-21.03.25:308][395]LogUObjectHash: Compacting FUObjectHashTables data took   0.86ms
[2020.06.04-21.03.25:325][395]Cmd: MAP LOAD FILE="../../../../../../Users/zeyul/Documents/GitHub/Unreal-template/Unreal_Template/Content/Maps/Main.umap" TEMPLATE=0 SHOWPROGRESS=1 FEATURELEVEL=3
[2020.06.04-21.03.25:325][395]LightingResults: New page: Lighting Build
[2020.06.04-21.03.25:330][395]LogContentBrowser: Native class hierarchy updated for 'StatsViewer' in 0.0006 seconds. Added 6 classes and 0 folders.
[2020.06.04-21.03.25:335][395]LoadErrors: New page: Loading map: Main.umap
[2020.06.04-21.03.25:337][395]LogWorld: UWorld::CleanupWorld for Untitled, bSessionEnded=true, bCleanupResources=true
[2020.06.04-21.03.25:338][395]LogSlate: InvalidateAllWidgets triggered.  All widgets were invalidated
[2020.06.04-21.03.25:341][395]MapCheck: New page: Map Check
[2020.06.04-21.03.25:341][395]LightingResults: New page: Lighting Build
[2020.06.04-21.03.25:360][395]LogAISub: UAISubsystem::~UAISubsystem EnvQueryManager (0000017143BE7C00), frame # 2395
[2020.06.04-21.03.25:360][395]LogAISub: UAISubsystem::~UAISubsystem AIPerceptionSystem (0000017143C5D1C0), frame # 2395
[2020.06.04-21.03.25:362][395]LogUObjectHash: Compacting FUObjectHashTables data took   0.86ms
[2020.06.04-21.03.25:499][395]LogEditorServer: Finished looking for orphan Actors (0.000 secs)
[2020.06.04-21.03.25:499][395]LogAIModule: Creating AISystem for world Main
[2020.06.04-21.03.25:500][395]LogAISub: UAISubsystem::UAISubsystem EnvQueryManager (0000017162EF8600), frame # 2395
[2020.06.04-21.03.25:501][395]LogAISub: UAISubsystem::UAISubsystem AIPerceptionSystem (0000017162E2FC40), frame # 2395
[2020.06.04-21.03.25:521][395]LogUObjectHash: Compacting FUObjectHashTables data took   0.58ms
[2020.06.04-21.03.25:557][395]Cmd: MAP CHECKDEP NOCLEARLOG
[2020.06.04-21.03.25:557][395]MapCheck: Map check complete: 0 Error(s), 0 Warning(s), took 0.114ms to complete.
[2020.06.04-21.03.25:557][395]LogFileHelpers: Loading map 'Main' took 0.240
[2020.06.04-21.03.33:841][877]Cmd: DELETE
[2020.06.04-21.03.33:843][877]Cmd: ACTOR DELETE
[2020.06.04-21.03.33:875][877]LogEditorActor: Deleted Actor: LandscapeGizmoActiveActor
[2020.06.04-21.03.33:887][877]LogUObjectHash: Compacting FUObjectHashTables data took   0.22ms
[2020.06.04-21.03.33:889][877]LogEditorActor: Deleted 1 Actors (0.037 secs)
[2020.06.04-21.03.37:500][ 60]LogTexture: Display: Building textures: Texture2D_2 (G8, 128X128)
[2020.06.04-21.03.37:559][ 60]LogSlate: Took 0.007894 seconds to synchronously load lazily loaded font '../../../Engine/Content/Slate/Fonts/Roboto-Italic.ttf' (157K)
[2020.06.04-21.13.24:229][206]LogUObjectHash: Compacting FUObjectHashTables data took   0.87ms
[2020.06.04-21.13.24:302][206]LogSavePackage: Moving '../../../../../../Users/zeyul/Documents/GitHub/Unreal-template/Unreal_Template/Saved/Main_Auto14AA6D9BE4038F697530818A4E1B3D4C5.tmp' to '../../../../../../Users/zeyul/Documents/GitHub/Unreal-template/Unreal_Template/Saved/Autosaves/Game/Maps/Main_Auto1.umap'
[2020.06.04-21.13.24:314][206]LogFileHelpers: Editor autosave (incl. sublevels) for '/Game/Maps/Main' took 0.094
[2020.06.04-21.13.24:314][206]LogFileHelpers: Editor autosave (incl. sublevels) for all levels took 0.094
[2020.06.04-22.30.01:058][763]Cmd: OBJ SAVEPACKAGE PACKAGE="/Game/Maps/Main" FILE="../../../../../../Users/zeyul/Documents/GitHub/Unreal-template/Unreal_Template/Content/Maps/Main.umap" SILENT=true AUTOSAVING=false KEEPDIRTY=false
[2020.06.04-22.30.01:088][763]LogUObjectHash: Compacting FUObjectHashTables data took   4.01ms
[2020.06.04-22.30.01:170][763]LogSavePackage: Moving '../../../../../../Users/zeyul/Documents/GitHub/Unreal-template/Unreal_Template/Saved/Main06BB0CAF4C3CDD25771C70B6D1BFC006.tmp' to '../../../../../../Users/zeyul/Documents/GitHub/Unreal-template/Unreal_Template/Content/Maps/Main.umap'
[2020.06.04-22.30.01:211][763]Cmd: OBJ SAVEPACKAGE PACKAGE="/Game/Maps/Main_BuiltData" FILE="../../../../../../Users/zeyul/Documents/GitHub/Unreal-template/Unreal_Template/Content/Maps/Main_BuiltData.uasset" SILENT=true
[2020.06.04-22.30.01:239][763]LogSavePackage: Moving '../../../../../../Users/zeyul/Documents/GitHub/Unreal-template/Unreal_Template/Saved/Main_BuiltData9F8A87C848F51923AF132EA84C4B2065.tmp' to '../../../../../../Users/zeyul/Documents/GitHub/Unreal-template/Unreal_Template/Content/Maps/Main_BuiltData.uasset'
[2020.06.04-22.30.01:256][763]AssetCheck: New page: Asset Save: multiple assets
[2020.06.04-22.30.01:256][763]LogContentValidation: Display: Validating World /Game/Maps/Main.Main
[2020.06.04-22.30.01:256][763]LogContentValidation: Display: Validating MapBuildDataRegistry /Game/Maps/Main_BuiltData.Main_BuiltData
[2020.06.04-22.45.21:005][358]LogSlate: Window 'Add Content to the Project' being destroyed
[2020.06.04-22.53.01:772][933]LogSlate: Window 'Add Content to the Project' being destroyed
[2020.06.04-22.58.16:946][ 42]LogTexture: Display: Building textures: Texture2D_3 (G8, 128X128)
[2020.06.04-22.58.19:591][188]LogActorComponent: UnregisterComponent: (/Engine/Transient.SphereBrushComponent) Not registered. Aborting.
[2020.06.04-22.58.19:592][188]LogTexture: Display: Building textures: Texture2D_4 (G8, 128X128)
[2020.06.04-22.58.44:605][387]LogUObjectHash: Compacting FUObjectHashTables data took   1.15ms
[2020.06.04-22.58.44:655][387]LogSavePackage: Moving '../../../../../../Users/zeyul/Documents/GitHub/Unreal-template/Unreal_Template/Saved/Main_Auto2AC49BF6E4CB2C709435FA7AF205C4069.tmp' to '../../../../../../Users/zeyul/Documents/GitHub/Unreal-template/Unreal_Template/Saved/Autosaves/Game/Maps/Main_Auto2.umap'
[2020.06.04-22.58.44:657][387]LogFileHelpers: Editor autosave (incl. sublevels) for '/Game/Maps/Main' took 0.062
[2020.06.04-22.58.44:657][387]LogFileHelpers: Editor autosave (incl. sublevels) for all levels took 0.062
[2020.06.04-23.01.20:966][875]LogActorComponent: UnregisterComponent: (/Engine/Transient.SphereBrushComponent) Not registered. Aborting.
[2020.06.04-23.01.23:357][ 15]LogTexture: Display: Building textures: Texture2D_5 (G8, 128X128)
[2020.06.04-23.02.00:820][361]LogTexture: Display: Building textures: Texture2D_6 (G8, 128X128)
[2020.06.04-23.03.58:306][388]LogSlate: Window 'Editor Preferences' being destroyed
[2020.06.04-23.03.58:311][388]LogSlate: Window 'Editor Preferences' being destroyed
